<?xml version="1.0" encoding="UTF-8"?>
<robot generator="Robot 5.0.1 (Python 3.7.3rc1 on win32)" generated="20220624 13:36:06.121" rpa="false" schemaversion="3">
<suite id="s1" name="Homepage" source="E:\dojobox-21062022\suites\Homepage.robot">
<test id="s1-t1" name="User Should Be Able To See Homepage" line="7">
<kw name="Open Browser Chrome" library="Homepage" type="SETUP">
<kw name="Open Browser" library="SeleniumLibrary">
<arg>browser=chrome</arg>
<arg>url=${HOMEPAGE_URL}</arg>
<doc>Opens a new browser instance to the optional ``url``.</doc>
<msg timestamp="20220624 13:36:06.447" level="INFO">Opening browser 'chrome' to base url 'https://katalon-demo-cura.herokuapp.com/'.</msg>
<status status="PASS" starttime="20220624 13:36:06.447" endtime="20220624 13:36:19.044"/>
</kw>
<status status="PASS" starttime="20220624 13:36:06.443" endtime="20220624 13:36:19.045"/>
</kw>
<kw name="Verify Current Url Is Homepage Url" library="Homepage">
<doc>Verify current url is homepage url</doc>
<kw name="Location Should Be" library="SeleniumLibrary">
<arg>${HOMEPAGE_URL}</arg>
<doc>Verifies that the current URL is exactly ``url``.</doc>
<msg timestamp="20220624 13:36:19.058" level="INFO">Current location is 'https://katalon-demo-cura.herokuapp.com/'.</msg>
<status status="PASS" starttime="20220624 13:36:19.046" endtime="20220624 13:36:19.058"/>
</kw>
<status status="PASS" starttime="20220624 13:36:19.045" endtime="20220624 13:36:19.058"/>
</kw>
<kw name="Verify Homepage Title Appears" library="Homepage">
<doc>Verify homepage title appears</doc>
<kw name="Element Should Be Visible" library="SeleniumLibrary">
<arg>${title_homepage}</arg>
<doc>Verifies that the element identified by ``locator`` is visible.</doc>
<msg timestamp="20220624 13:36:19.262" level="INFO">Element '//*[@class="text-vertical-center"]' is displayed.</msg>
<status status="PASS" starttime="20220624 13:36:19.060" endtime="20220624 13:36:19.263"/>
</kw>
<status status="PASS" starttime="20220624 13:36:19.059" endtime="20220624 13:36:19.263"/>
</kw>
<kw name="Verify Homepage Subtitle Appears" library="Homepage">
<kw name="Element Should Be Visible" library="SeleniumLibrary">
<arg>//*[@class="text-vertical-center"]</arg>
<doc>Verifies that the element identified by ``locator`` is visible.</doc>
<msg timestamp="20220624 13:36:19.294" level="INFO">Element '//*[@class="text-vertical-center"]' is displayed.</msg>
<status status="PASS" starttime="20220624 13:36:19.264" endtime="20220624 13:36:19.294"/>
</kw>
<status status="PASS" starttime="20220624 13:36:19.264" endtime="20220624 13:36:19.294"/>
</kw>
<kw name="Verify Make Appointment Button Appears" library="Homepage">
<kw name="Element Should Be Visible" library="SeleniumLibrary">
<arg>//*[@class="btn-make-appointment"]</arg>
<doc>Verifies that the element identified by ``locator`` is visible.</doc>
<msg timestamp="20220624 13:36:19.956" level="INFO" html="true">&lt;/td&gt;&lt;/tr&gt;&lt;tr&gt;&lt;td colspan="3"&gt;&lt;a href="selenium-screenshot-1.png"&gt;&lt;img src="selenium-screenshot-1.png" width="800px"&gt;&lt;/a&gt;</msg>
<msg timestamp="20220624 13:36:19.958" level="FAIL">Element with locator '//*[@class="btn-make-appointment"]' not found.</msg>
<status status="FAIL" starttime="20220624 13:36:19.295" endtime="20220624 13:36:20.100"/>
</kw>
<status status="FAIL" starttime="20220624 13:36:19.295" endtime="20220624 13:36:20.104"/>
</kw>
<kw name="Verify Menu Button Appears" library="Homepage">
<status status="NOT RUN" starttime="20220624 13:36:20.105" endtime="20220624 13:36:20.106"/>
</kw>
<kw name="Verify Homepage Footer Appears" library="Homepage">
<status status="NOT RUN" starttime="20220624 13:36:20.108" endtime="20220624 13:36:20.108"/>
</kw>
<kw name="Close Browser" library="SeleniumLibrary" type="TEARDOWN">
<doc>Closes the current browser.</doc>
<status status="PASS" starttime="20220624 13:36:20.110" endtime="20220624 13:36:22.287"/>
</kw>
<doc>Test to verify that user should be able to see homepage</doc>
<status status="FAIL" starttime="20220624 13:36:06.442" endtime="20220624 13:36:22.287">Element with locator '//*[@class="btn-make-appointment"]' not found.</status>
</test>
<doc>Homepage test cases</doc>
<status status="FAIL" starttime="20220624 13:36:06.123" endtime="20220624 13:36:22.290"/>
</suite>
<statistics>
<total>
<stat pass="0" fail="1" skip="0">All Tests</stat>
</total>
<tag>
</tag>
<suite>
<stat pass="0" fail="1" skip="0" id="s1" name="Homepage">Homepage</stat>
</suite>
</statistics>
<errors>
</errors>
</robot>
